<?xml version="1.0" encoding="UTF-8"?>
<testng-results ignored="0" total="1" passed="1" failed="0" skipped="0">
  <reporter-output>
  </reporter-output>
  <suite started-at="2024-01-04T09:48:11Z" name="Default suite" finished-at="2024-01-04T09:48:32Z" duration-ms="20994">
    <groups>
    </groups>
    <test started-at="2024-01-04T09:48:11Z" name="Default test" finished-at="2024-01-04T09:48:32Z" duration-ms="20994">
      <class name="Appiumaruntesting.MobileBrowserTest">
        <test-method is-config="true" signature="ConfigureAppium()[pri:0, instance:Appiumaruntesting.MobileBrowserTest@6c284af]" started-at="2024-01-04T09:48:11Z" name="ConfigureAppium" finished-at="2024-01-04T09:48:21Z" duration-ms="10024" status="PASS">
          <reporter-output>
          </reporter-output>
        </test-method> <!-- ConfigureAppium -->
        <test-method signature="broswertest()[pri:0, instance:Appiumaruntesting.MobileBrowserTest@6c284af]" started-at="2024-01-04T09:48:21Z" name="broswertest" finished-at="2024-01-04T09:48:31Z" duration-ms="10184" status="PASS">
          <reporter-output>
          </reporter-output>
        </test-method> <!-- broswertest -->
        <test-method is-config="true" signature="tearDown()[pri:0, instance:Appiumaruntesting.MobileBrowserTest@6c284af]" started-at="2024-01-04T09:48:31Z" name="tearDown" finished-at="2024-01-04T09:48:32Z" duration-ms="755" status="PASS">
          <reporter-output>
          </reporter-output>
        </test-method> <!-- tearDown -->
      </class> <!-- Appiumaruntesting.MobileBrowserTest -->
    </test> <!-- Default test -->
  </suite> <!-- Default suite -->
</testng-results>
