<?xml version="1.0" encoding="UTF-8"?>
<testng-results ignored="0" total="1" passed="1" failed="0" skipped="0">
  <reporter-output>
  </reporter-output>
  <suite started-at="2024-01-03T06:12:02Z" name="Default suite" finished-at="2024-01-03T06:12:49Z" duration-ms="46296">
    <groups>
    </groups>
    <test started-at="2024-01-03T06:12:02Z" name="Default test" finished-at="2024-01-03T06:12:49Z" duration-ms="46296">
      <class name="Appiumaruntesting.eCommerce_tc_2">
        <test-method is-config="true" signature="ConfigureAppium()[pri:0, instance:Appiumaruntesting.eCommerce_tc_2@4d1c005e]" started-at="2024-01-03T06:12:03Z" name="ConfigureAppium" finished-at="2024-01-03T06:12:15Z" duration-ms="12739" status="PASS">
          <reporter-output>
          </reporter-output>
        </test-method> <!-- ConfigureAppium -->
        <test-method signature="FillForm()[pri:0, instance:Appiumaruntesting.eCommerce_tc_2@4d1c005e]" started-at="2024-01-03T06:12:15Z" name="FillForm" finished-at="2024-01-03T06:12:48Z" duration-ms="32676" status="PASS">
          <reporter-output>
          </reporter-output>
        </test-method> <!-- FillForm -->
        <test-method is-config="true" signature="tearDown()[pri:0, instance:Appiumaruntesting.eCommerce_tc_2@4d1c005e]" started-at="2024-01-03T06:12:48Z" name="tearDown" finished-at="2024-01-03T06:12:49Z" duration-ms="821" status="PASS">
          <reporter-output>
          </reporter-output>
        </test-method> <!-- tearDown -->
      </class> <!-- Appiumaruntesting.eCommerce_tc_2 -->
    </test> <!-- Default test -->
  </suite> <!-- Default suite -->
</testng-results>
